# JRE version: OpenJDK Runtime Environment (11.0.11+9) (build 11.0.11+9-b60-7590822)
# Java VM: OpenJDK 64-Bit Server VM (11.0.11+9-b60-7590822, mixed mode, tiered, compressed oops, g1 gc, windows-amd64)
Heap:
 garbage-first heap   total 216064K, used 110741K [0x0000000080000000, 0x0000000100000000)
  region size 1024K, 7 young (7168K), 7 survivors (7168K)
 Metaspace       used 86020K, capacity 88182K, committed 88240K, reserved 1126400K
  class space    used 11001K, capacity 11752K, committed 11776K, reserved 1048576K
GC Heap History (20 events):
Event: 108.431 GC heap after
{Heap after GC invocations=73 (full 0):
 garbage-first heap   total 121856K, used 77089K [0x0000000080000000, 0x0000000100000000)
  region size 1024K, 1 young (1024K), 1 survivors (1024K)
 Metaspace       used 57485K, capacity 59071K, committed 59440K, reserved 1101824K
  class space    used 7379K, capacity 7941K, committed 8064K, reserved 1048576K
}
Event: 109.229 GC heap before
{Heap before GC invocations=74 (full 0):
 garbage-first heap   total 121856K, used 93473K [0x0000000080000000, 0x0000000100000000)
  region size 1024K, 17 young (17408K), 1 survivors (1024K)
 Metaspace       used 59594K, capacity 61255K, committed 61488K, reserved 1101824K
  class space    used 7625K, capacity 8221K, committed 8320K, reserved 1048576K
}
Event: 109.240 GC heap after
{Heap after GC invocations=75 (full 0):
 garbage-first heap   total 146432K, used 77540K [0x0000000080000000, 0x0000000100000000)
  region size 1024K, 2 young (2048K), 2 survivors (2048K)
 Metaspace       used 59594K, capacity 61255K, committed 61488K, reserved 1101824K
  class space    used 7625K, capacity 8221K, committed 8320K, reserved 1048576K
}
Event: 110.621 GC heap before
{Heap before GC invocations=75 (full 0):
 garbage-first heap   total 146432K, used 103140K [0x0000000080000000, 0x0000000100000000)
  region size 1024K, 27 young (27648K), 2 survivors (2048K)
 Metaspace       used 63533K, capacity 65244K, committed 65456K, reserved 1105920K
  class space    used 8093K, capacity 8678K, committed 8704K, reserved 1048576K
}
Event: 110.630 GC heap after
{Heap after GC invocations=76 (full 0):
 garbage-first heap   total 146432K, used 78309K [0x0000000080000000, 0x0000000100000000)
  region size 1024K, 2 young (2048K), 2 survivors (2048K)
 Metaspace       used 63533K, capacity 65244K, committed 65456K, reserved 1105920K
  class space    used 8093K, capacity 8678K, committed 8704K, reserved 1048576K
}
Event: 112.812 GC heap before
{Heap before GC invocations=77 (full 0):
 garbage-first heap   total 146432K, used 112101K [0x0000000080000000, 0x0000000100000000)
  region size 1024K, 36 young (36864K), 2 survivors (2048K)
 Metaspace       used 68630K, capacity 70423K, committed 70448K, reserved 1110016K
  class space    used 8706K, capacity 9335K, committed 9344K, reserved 1048576K
}
Event: 112.830 GC heap after
{Heap after GC invocations=78 (full 0):
 garbage-first heap   total 146432K, used 81828K [0x0000000080000000, 0x0000000100000000)
  region size 1024K, 5 young (5120K), 5 survivors (5120K)
 Metaspace       used 68630K, capacity 70423K, committed 70448K, reserved 1110016K
  class space    used 8706K, capacity 9335K, committed 9344K, reserved 1048576K
}
Event: 113.957 GC heap before
{Heap before GC invocations=78 (full 0):
 garbage-first heap   total 146432K, used 112548K [0x0000000080000000, 0x0000000100000000)
  region size 1024K, 36 young (36864K), 5 survivors (5120K)
 Metaspace       used 71188K, capacity 72962K, committed 73136K, reserved 1112064K
  class space    used 9011K, capacity 9664K, committed 9728K, reserved 1048576K
}
Event: 113.985 GC heap after
{Heap after GC invocations=79 (full 0):
 garbage-first heap   total 146432K, used 83726K [0x0000000080000000, 0x0000000100000000)
  region size 1024K, 3 young (3072K), 3 survivors (3072K)
 Metaspace       used 71188K, capacity 72962K, committed 73136K, reserved 1112064K
  class space    used 9011K, capacity 9664K, committed 9728K, reserved 1048576K
}
Event: 114.592 GC heap before
{Heap before GC invocations=80 (full 0):
 garbage-first heap   total 146432K, used 92942K [0x0000000080000000, 0x0000000100000000)
  region size 1024K, 13 young (13312K), 3 survivors (3072K)
 Metaspace       used 72092K, capacity 73891K, committed 74032K, reserved 1114112K
  class space    used 9141K, capacity 9803K, committed 9856K, reserved 1048576K
}
Event: 114.601 GC heap after
{Heap after GC invocations=81 (full 0):
 garbage-first heap   total 176128K, used 84235K [0x0000000080000000, 0x0000000100000000)
  region size 1024K, 3 young (3072K), 3 survivors (3072K)
 Metaspace       used 72092K, capacity 73891K, committed 74032K, reserved 1114112K
  class space    used 9141K, capacity 9803K, committed 9856K, reserved 1048576K
}
Event: 116.913 GC heap before
{Heap before GC invocations=82 (full 0):
 garbage-first heap   total 176128K, used 125195K [0x0000000080000000, 0x0000000100000000)
  region size 1024K, 42 young (43008K), 3 survivors (3072K)
 Metaspace       used 75303K, capacity 77215K, committed 77488K, reserved 1116160K
  class space    used 9530K, capacity 10221K, committed 10240K, reserved 1048576K
}
Event: 116.927 GC heap after
{Heap after GC invocations=83 (full 0):
 garbage-first heap   total 176128K, used 85763K [0x0000000080000000, 0x0000000100000000)
  region size 1024K, 5 young (5120K), 5 survivors (5120K)
 Metaspace       used 75303K, capacity 77215K, committed 77488K, reserved 1116160K
  class space    used 9530K, capacity 10221K, committed 10240K, reserved 1048576K
}
Event: 117.720 GC heap before
{Heap before GC invocations=83 (full 0):
 garbage-first heap   total 176128K, used 128771K [0x0000000080000000, 0x0000000100000000)
  region size 1024K, 47 young (48128K), 5 survivors (5120K)
 Metaspace       used 76602K, capacity 78624K, committed 78768K, reserved 1118208K
  class space    used 9673K, capacity 10392K, committed 10496K, reserved 1048576K
}
Event: 117.788 GC heap after
{Heap after GC invocations=84 (full 0):
 garbage-first heap   total 176128K, used 88926K [0x0000000080000000, 0x0000000100000000)
  region size 1024K, 6 young (6144K), 6 survivors (6144K)
 Metaspace       used 76602K, capacity 78624K, committed 78768K, reserved 1118208K
  class space    used 9673K, capacity 10392K, committed 10496K, reserved 1048576K
}
Event: 121.430 GC heap before
{Heap before GC invocations=85 (full 0):
 garbage-first heap   total 176128K, used 135006K [0x0000000080000000, 0x0000000100000000)
  region size 1024K, 51 young (52224K), 6 survivors (6144K)
 Metaspace       used 81579K, capacity 83647K, committed 83888K, reserved 1122304K
  class space    used 10502K, capacity 11229K, committed 11264K, reserved 1048576K
}
Event: 121.470 GC heap after
{Heap after GC invocations=86 (full 0):
 garbage-first heap   total 176128K, used 92259K [0x0000000080000000, 0x0000000100000000)
  region size 1024K, 7 young (7168K), 7 survivors (7168K)
 Metaspace       used 81579K, capacity 83647K, committed 83888K, reserved 1122304K
  class space    used 10502K, capacity 11229K, committed 11264K, reserved 1048576K
}
Event: 122.863 GC heap before
{Heap before GC invocations=86 (full 0):
 garbage-first heap   total 176128K, used 111715K [0x0000000080000000, 0x0000000100000000)
  region size 1024K, 27 young (27648K), 7 survivors (7168K)
 Metaspace       used 83454K, capacity 85580K, committed 85680K, reserved 1124352K
  class space    used 10777K, capacity 11510K, committed 11520K, reserved 1048576K
}
Event: 122.891 GC heap after
{Heap after GC invocations=87 (full 0):
 garbage-first heap   total 176128K, used 94208K [0x0000000080000000, 0x0000000100000000)
  region size 1024K, 5 young (5120K), 5 survivors (5120K)
 Metaspace       used 83454K, capacity 85580K, committed 85680K, reserved 1124352K
  class space    used 10777K, capacity 11510K, committed 11520K, reserved 1048576K
}
Event: 126.620 GC heap before
{Heap before GC invocations=88 (full 0):
 garbage-first heap   total 176128K, used 148480K [0x0000000080000000, 0x0000000100000000)
  region size 1024K, 50 young (51200K), 5 survivors (5120K)
 Metaspace       used 86020K, capacity 88182K, committed 88240K, reserved 1126400K
  class space    used 11001K, capacity 11752K, committed 11776K, reserved 1048576K
}

